This is pdfTeX, Version 3.14159265-2.6-1.40.16 (MiKTeX 2.9 64-bit) (preloaded format=pdflatex 2015.9.13)  18 OCT 2015 08:55
entering extended mode
**shopCity.tex
(shopCity.tex
LaTeX2e <2015/01/01> patch level 2
Babel <3.9m> and hyphenation patterns for 69 languages loaded.
("C:\Program Files\MiKTeX 2.9\tex\latex\base\report.cls"
Document Class: report 2014/09/29 v1.4h Standard LaTeX document class
("C:\Program Files\MiKTeX 2.9\tex\latex\base\size10.clo"
File: size10.clo 2014/09/29 v1.4h Standard LaTeX file (size option)
)
\c@part=\count79
\c@chapter=\count80
\c@section=\count81
\c@subsection=\count82
\c@subsubsection=\count83
\c@paragraph=\count84
\c@subparagraph=\count85
\c@figure=\count86
\c@table=\count87
\abovecaptionskip=\skip41
\belowcaptionskip=\skip42
\bibindent=\dimen102
)
("C:\Program Files\MiKTeX 2.9\tex\latex\titlesec\titlesec.sty"
Package: titlesec 2011/12/15 v2.10.0 Sectioning titles
\ttl@box=\box26
\beforetitleunit=\skip43
\aftertitleunit=\skip44
\ttl@plus=\dimen103
\ttl@minus=\dimen104
\ttl@toksa=\toks14
\titlewidth=\dimen105
\titlewidthlast=\dimen106
\titlewidthfirst=\dimen107
)
("C:\Program Files\MiKTeX 2.9\tex\latex\caption\caption.sty"
Package: caption 2015/09/17 v3.3-111 Customizing captions (AR)

("C:\Program Files\MiKTeX 2.9\tex\latex\caption\caption3.sty"
Package: caption3 2015/09/20 v1.7-115 caption3 kernel (AR)
Package caption3 Info: TeX engine: e-TeX on input line 57.

("C:\Program Files\MiKTeX 2.9\tex\latex\graphics\keyval.sty"
Package: keyval 2014/10/28 v1.15 key=value parser (DPC)
\KV@toks@=\toks15
)
\captionmargin=\dimen108
\captionmargin@=\dimen109
\captionwidth=\dimen110
\caption@tempdima=\dimen111
\caption@indent=\dimen112
\caption@parindent=\dimen113
\caption@hangindent=\dimen114
)
\c@ContinuedFloat=\count88
)
("C:\Program Files\MiKTeX 2.9\tex\latex\float\float.sty"
Package: float 2001/11/08 v1.3d Float enhancements (AL)
\c@float@type=\count89
\float@exts=\toks16
\float@box=\box27
\@float@everytoks=\toks17
\@floatcapt=\box28
)
("C:\Program Files\MiKTeX 2.9\tex\latex\kurier\kurier.sty"
Package: kurier 2005/10/03 v.1.2 Kurier package (MW)
\c@mv@kurier=\count90
\c@mv@kurierbold=\count91
LaTeX Font Info:    Overwriting symbol font `operators' in version `kurier'
(Font)                  OT1/cmr/m/n --> OT1/kuriercm/m/n on input line 59.
LaTeX Font Info:    Overwriting symbol font `letters' in version `kurier'
(Font)                  OML/cmm/m/it --> OML/kurierc/m/it on input line 60.
LaTeX Font Info:    Overwriting symbol font `symbols' in version `kurier'
(Font)                  OMS/cmsy/m/n --> OMS/kurierc/m/n on input line 61.
LaTeX Font Info:    Overwriting symbol font `largesymbols' in version `kurier'
(Font)                  OMX/cmex/m/n --> OMX/kurierc/m/n on input line 62.
LaTeX Font Info:    Overwriting symbol font `operators' in version `kurierbold'

(Font)                  OT1/cmr/m/n --> OT1/kuriercm/b/n on input line 63.
LaTeX Font Info:    Overwriting symbol font `letters' in version `kurierbold'
(Font)                  OML/cmm/m/it --> OML/kurierc/b/it on input line 64.
LaTeX Font Info:    Overwriting symbol font `symbols' in version `kurierbold'
(Font)                  OMS/cmsy/m/n --> OMS/kurierc/b/n on input line 65.
LaTeX Font Info:    Overwriting symbol font `largesymbols' in version `kurierbo
ld'
(Font)                  OMX/cmex/m/n --> OMX/kurierc/b/n on input line 66.
LaTeX Font Info:    Overwriting math alphabet `\mathbf' in version `kurier'
(Font)                  OT1/cmr/bx/n --> OT1/kurierc/bx/n on input line 68.
LaTeX Font Info:    Overwriting math alphabet `\mathsf' in version `kurier'
(Font)                  OT1/cmss/m/n --> OT1/kurierc/m/n on input line 69.
LaTeX Font Info:    Overwriting math alphabet `\mathit' in version `kurier'
(Font)                  OT1/cmr/m/it --> OT1/kurierc/m/it on input line 70.
LaTeX Font Info:    Overwriting math alphabet `\mathtt' in version `kurier'
(Font)                  OT1/cmtt/m/n --> OT1/kurierc/m/n on input line 71.
LaTeX Font Info:    Overwriting math alphabet `\mathsf' in version `kurierbold'

(Font)                  OT1/cmss/m/n --> OT1/kurierc/bx/n on input line 72.
LaTeX Font Info:    Overwriting math alphabet `\mathit' in version `kurierbold'

(Font)                  OT1/cmr/m/it --> OT1/kurierc/bx/it on input line 73.
)
("C:\Program Files\MiKTeX 2.9\tex\latex\base\fontenc.sty"
Package: fontenc 2005/09/27 v1.99g Standard LaTeX package

("C:\Program Files\MiKTeX 2.9\tex\latex\base\t1enc.def"
File: t1enc.def 2005/09/27 v1.99g Standard LaTeX file
LaTeX Font Info:    Redeclaring font encoding T1 on input line 48.
)
LaTeX Font Info:    Try loading font information for T1+kurierc on input line 1
05.

("C:\Program Files\MiKTeX 2.9\tex\latex\kurier\t1kurierc.fd"
File: t1kurierc.fd 2008/07/22 v0.995 font definition file for T1/kurierc (MW)
))
("C:\Program Files\MiKTeX 2.9\tex\latex\geometry\geometry.sty"
Package: geometry 2010/09/12 v5.6 Page Geometry

("C:\Program Files\MiKTeX 2.9\tex\generic\oberdiek\ifpdf.sty"
Package: ifpdf 2011/01/30 v2.3 Provides the ifpdf switch (HO)
Package ifpdf Info: pdfTeX in PDF mode is detected.
)
("C:\Program Files\MiKTeX 2.9\tex\generic\oberdiek\ifvtex.sty"
Package: ifvtex 2010/03/01 v1.5 Detect VTeX and its facilities (HO)
Package ifvtex Info: VTeX not detected.
)
("C:\Program Files\MiKTeX 2.9\tex\generic\ifxetex\ifxetex.sty"
Package: ifxetex 2010/09/12 v0.6 Provides ifxetex conditional
)
\Gm@cnth=\count92
\Gm@cntv=\count93
\c@Gm@tempcnt=\count94
\Gm@bindingoffset=\dimen115
\Gm@wd@mp=\dimen116
\Gm@odd@mp=\dimen117
\Gm@even@mp=\dimen118
\Gm@layoutwidth=\dimen119
\Gm@layoutheight=\dimen120
\Gm@layouthoffset=\dimen121
\Gm@layoutvoffset=\dimen122
\Gm@dimlist=\toks18

("C:\Program Files\MiKTeX 2.9\tex\latex\geometry\geometry.cfg"))
("C:\Program Files\MiKTeX 2.9\tex\latex\graphics\graphicx.sty"
Package: graphicx 2014/10/28 v1.0g Enhanced LaTeX Graphics (DPC,SPQR)

("C:\Program Files\MiKTeX 2.9\tex\latex\graphics\graphics.sty"
Package: graphics 2014/10/28 v1.0p Standard LaTeX Graphics (DPC,SPQR)

("C:\Program Files\MiKTeX 2.9\tex\latex\graphics\trig.sty"
Package: trig 1999/03/16 v1.09 sin cos tan (DPC)
)
("C:\Program Files\MiKTeX 2.9\tex\latex\00miktex\graphics.cfg"
File: graphics.cfg 2007/01/18 v1.5 graphics configuration of teTeX/TeXLive
)
Package graphics Info: Driver file: pdftex.def on input line 94.

("C:\Program Files\MiKTeX 2.9\tex\latex\pdftex-def\pdftex.def"
File: pdftex.def 2011/05/27 v0.06d Graphics/color for pdfTeX

("C:\Program Files\MiKTeX 2.9\tex\generic\oberdiek\infwarerr.sty"
Package: infwarerr 2010/04/08 v1.3 Providing info/warning/error messages (HO)
)
("C:\Program Files\MiKTeX 2.9\tex\generic\oberdiek\ltxcmds.sty"
Package: ltxcmds 2011/11/09 v1.22 LaTeX kernel commands for general use (HO)
)
\Gread@gobject=\count95
))
\Gin@req@height=\dimen123
\Gin@req@width=\dimen124
)
("C:\Program Files\MiKTeX 2.9\tex\latex\mathdesign\mathdesign.sty"
Package: mathdesign 2013/08/29 v2.31 Math Design Project

("C:\Program Files\MiKTeX 2.9\tex\latex\base\ifthen.sty"
Package: ifthen 2014/09/29 v1.1c Standard LaTeX ifthen package (DPC)
)

Package mathdesign Warning: No font specified on input line 175.


Package mathdesign Warning: `character' option not defined. on input line 177.

("C:\Program Files\MiKTeX 2.9\tex\latex\base\fontenc.sty"
Package: fontenc 2005/09/27 v1.99g Standard LaTeX package

("C:\Program Files\MiKTeX 2.9\tex\latex\base\t1enc.def"
File: t1enc.def 2005/09/27 v1.99g Standard LaTeX file
LaTeX Font Info:    Redeclaring font encoding T1 on input line 48.
)))
("C:\Program Files\MiKTeX 2.9\tex\latex\microtype\microtype.sty"
Package: microtype 2013/05/23 v2.5a Micro-typographical refinements (RS)
\MT@toks=\toks19
\MT@count=\count96
LaTeX Info: Redefining \textls on input line 766.
\MT@outer@kern=\dimen125
LaTeX Info: Redefining \textmicrotypecontext on input line 1285.
\MT@listname@count=\count97

("C:\Program Files\MiKTeX 2.9\tex\latex\microtype\microtype-pdftex.def"
File: microtype-pdftex.def 2013/05/23 v2.5a Definitions specific to pdftex (RS)

LaTeX Info: Redefining \lsstyle on input line 915.
LaTeX Info: Redefining \lslig on input line 915.
\MT@outer@space=\skip45
)
Package microtype Info: Loading configuration file microtype.cfg.

("C:\Program Files\MiKTeX 2.9\tex\latex\microtype\microtype.cfg"
File: microtype.cfg 2013/05/23 v2.5a microtype main configuration file (RS)
))
("C:\Program Files\MiKTeX 2.9\tex\latex\booktabs\booktabs.sty"
Package: booktabs 2005/04/14 v1.61803 publication quality tables
\heavyrulewidth=\dimen126
\lightrulewidth=\dimen127
\cmidrulewidth=\dimen128
\belowrulesep=\dimen129
\belowbottomsep=\dimen130
\aboverulesep=\dimen131
\abovetopsep=\dimen132
\cmidrulesep=\dimen133
\cmidrulekern=\dimen134
\defaultaddspace=\dimen135
\@cmidla=\count98
\@cmidlb=\count99
\@aboverulesep=\dimen136
\@belowrulesep=\dimen137
\@thisruleclass=\count100
\@lastruleclass=\count101
\@thisrulewidth=\dimen138
) (shopCity.aux

LaTeX Warning: Label `Business Table' multiply defined.


LaTeX Warning: Label `Business Table' multiply defined.


LaTeX Warning: Label `Business Table' multiply defined.

)
LaTeX Font Info:    Checking defaults for OML/cmm/m/it on input line 26.
LaTeX Font Info:    ... okay on input line 26.
LaTeX Font Info:    Checking defaults for T1/cmr/m/n on input line 26.
LaTeX Font Info:    ... okay on input line 26.
LaTeX Font Info:    Checking defaults for OT1/cmr/m/n on input line 26.
LaTeX Font Info:    ... okay on input line 26.
LaTeX Font Info:    Checking defaults for OMS/cmsy/m/n on input line 26.
LaTeX Font Info:    ... okay on input line 26.
LaTeX Font Info:    Checking defaults for OMX/cmex/m/n on input line 26.
LaTeX Font Info:    ... okay on input line 26.
LaTeX Font Info:    Checking defaults for U/cmr/m/n on input line 26.
LaTeX Font Info:    ... okay on input line 26.
Package caption Info: Begin \AtBeginDocument code.
Package caption Info: float package is loaded.
Package caption Info: End \AtBeginDocument code.

*geometry* driver: auto-detecting
*geometry* detected driver: pdftex
*geometry* verbose mode - [ preamble ] result:
* driver: pdftex
* paper: a4paper
* layout: <same size as paper>
* layoutoffset:(h,v)=(0.0pt,0.0pt)
* modes: 
* h-part:(L,W,R)=(89.62709pt, 418.25368pt, 89.6271pt)
* v-part:(T,H,B)=(101.40665pt, 591.5302pt, 152.11pt)
* \paperwidth=597.50787pt
* \paperheight=845.04684pt
* \textwidth=418.25368pt
* \textheight=591.5302pt
* \oddsidemargin=17.3571pt
* \evensidemargin=17.3571pt
* \topmargin=-7.86334pt
* \headheight=12.0pt
* \headsep=25.0pt
* \topskip=10.0pt
* \footskip=30.0pt
* \marginparwidth=57.0pt
* \marginparsep=11.0pt
* \columnsep=10.0pt
* \skip\footins=9.0pt plus 4.0pt minus 2.0pt
* \hoffset=0.0pt
* \voffset=0.0pt
* \mag=1000
* \@twocolumnfalse
* \@twosidefalse
* \@mparswitchfalse
* \@reversemarginfalse
* (1in=72.27pt=25.4mm, 1cm=28.453pt)

("C:\Program Files\MiKTeX 2.9\tex\context\base\supp-pdf.mkii"
[Loading MPS to PDF converter (version 2006.09.02).]
\scratchcounter=\count102
\scratchdimen=\dimen139
\scratchbox=\box29
\nofMPsegments=\count103
\nofMParguments=\count104
\everyMPshowfont=\toks20
\MPscratchCnt=\count105
\MPscratchDim=\dimen140
\MPnumerator=\count106
\makeMPintoPDFobject=\count107
\everyMPtoPDFconversion=\toks21
)
LaTeX Info: Redefining \microtypecontext on input line 26.
Package microtype Info: Generating PDF output.
Package microtype Info: Character protrusion enabled (level 2).
Package microtype Info: Using default protrusion set `alltext'.
Package microtype Info: Automatic font expansion enabled (level 2),
(microtype)             stretch: 20, shrink: 20, step: 1, non-selected.
Package microtype Info: Using default expansion set `basictext'.
Package microtype Info: No adjustment of tracking.
Package microtype Info: No adjustment of interword spacing.
Package microtype Info: No adjustment of character kerning.
Package microtype Info: Loading generic settings for font family
(microtype)             `kurierc' (encoding: T1).
(microtype)             For optimal results, create family-specific settings.
(microtype)             See the microtype manual for details.
LaTeX Font Info:    Try loading font information for OT1+kuriercm on input line
 27.
 ("C:\Program Files\MiKTeX 2.9\tex\latex\kurier\ot1kuriercm.fd"
File: ot1kuriercm.fd 2005/10/03 v1.2 font definition file for OT1/kuriercm (MW)

)
Package microtype Info: Loading generic settings for font family
(microtype)             `kuriercm' (encoding: OT1).
(microtype)             For optimal results, create family-specific settings.
(microtype)             See the microtype manual for details.
LaTeX Font Info:    Try loading font information for OML+kurierc on input line 
27.

("C:\Program Files\MiKTeX 2.9\tex\latex\kurier\omlkurierc.fd"
File: omlkurierc.fd 2008/07/22 v0.995 font definition file for OML/kurierc (MW)

)
LaTeX Font Info:    Try loading font information for OMS+kurierc on input line 
27.

("C:\Program Files\MiKTeX 2.9\tex\latex\kurier\omskurierc.fd"
File: omskurierc.fd 2008/07/22 v0.995 font definition file for OMS/kurierc (MW)

)
LaTeX Font Info:    Try loading font information for OMX+kurierc on input line 
27.

("C:\Program Files\MiKTeX 2.9\tex\latex\kurier\omxkurierc.fd"
File: omxkurierc.fd 2008/07/22 v0.995 font definition file for OMX/kurierc (MW)

) [1

{C:/Users/ADDA/AppData/Local/MiKTeX/2.9/pdftex/config/pdftex.map}] (shopCity.to
c)
\tf@toc=\write3
 [1

]
(shopCity.lot)
\tf@lot=\write4
 [2

]
Overfull \hbox (8.13152pt too wide) in paragraph at lines 43--44
[]\T1/kurierc/m/n/10 (-20) Separate Web-site (User can have sep-a-rate web-site
 which only shows their own prod-ucts/data/businesses) 
 []

[3

] [4

] [5] (shopCity.aux)

LaTeX Warning: There were multiply-defined labels.

 ) 
Here is how much of TeX's memory you used:
 5055 strings out of 493673
 79950 string characters out of 3143963
 169658 words of memory out of 3000000
 8355 multiletter control sequences out of 15000+200000
 56283 words of font info for 52 fonts, out of 3000000 for 9000
 1025 hyphenation exceptions out of 8191
 36i,7n,38p,254b,300s stack positions out of 5000i,500n,10000p,200000b,50000s
{C:/Program Files/MiKTeX 2.9/fonts/enc/dvips/kurier/sy-kurier.enc}{C:/Program
 Files/MiKTeX 2.9/fonts/enc/dvips/kurier/ec-kurier.enc}<C:/Program Files/MiKTeX
 2.9/fonts/type1/nowacki/kurier/kuriercb.pfb><C:/Program Files/MiKTeX 2.9/fonts
/type1/nowacki/kurier/kuriercr.pfb><C:/Program Files/MiKTeX 2.9/fonts/type1/now
acki/kurier/kuriercri.pfb>
Output written on shopCity.pdf (6 pages, 58812 bytes).
PDF statistics:
 35 PDF objects out of 1000 (max. 8388607)
 0 named destinations out of 1000 (max. 500000)
 10753 words of extra memory for PDF output out of 12000 (max. 10000000)

